<?xml version="1.0" encoding="UTF-8"?>
<testng-results skipped="0" failed="2" ignored="0" total="3" passed="1">
  <reporter-output>
  </reporter-output>
  <suite name="Default suite" duration-ms="103480" started-at="2018-06-19T10:25:14Z" finished-at="2018-06-19T10:26:57Z">
    <groups>
      <group name="regression">
        <method signature="ApplyLeaveTest.validateLeaveListTest()[pri:0, instance:com.qst.ohrm.test.ApplyLeaveTest@6ba0ac]" name="validateLeaveListTest" class="com.qst.ohrm.test.ApplyLeaveTest"/>
      </group> <!-- regression -->
      <group name="smoke">
        <method signature="OrangeHRMLoginTest.validateLoginTest()[pri:0, instance:com.qst.ohrm.test.OrangeHRMLoginTest@e45eb6]" name="validateLoginTest" class="com.qst.ohrm.test.OrangeHRMLoginTest"/>
        <method signature="ApplyLeaveTest.validateLeaveListTest()[pri:0, instance:com.qst.ohrm.test.ApplyLeaveTest@6ba0ac]" name="validateLeaveListTest" class="com.qst.ohrm.test.ApplyLeaveTest"/>
      </group> <!-- smoke -->
    </groups>
    <test name="Default test" duration-ms="56421" started-at="2018-06-19T10:25:14Z" finished-at="2018-06-19T10:26:10Z">
      <class name="com.qst.ohrm.test.OrangeHRMLoginTest">
        <test-method status="PASS" signature="setup()[pri:0, instance:com.qst.ohrm.test.OrangeHRMLoginTest@e45eb6]" name="setup" is-config="true" duration-ms="14517" started-at="2018-06-19T10:25:14Z" finished-at="2018-06-19T10:25:29Z">
          <reporter-output>
          </reporter-output>
        </test-method> <!-- setup -->
        <test-method status="FAIL" signature="validateLoginFailTest()[pri:0, instance:com.qst.ohrm.test.OrangeHRMLoginTest@e45eb6]" name="validateLoginFailTest" duration-ms="33824" started-at="2018-06-19T10:25:29Z" finished-at="2018-06-19T10:26:02Z">
          <exception class="java.lang.AssertionError">
            <message>
              <![CDATA[Test Failed]]>
            </message>
            <full-stacktrace>
              <![CDATA[java.lang.AssertionError: Test Failed
at org.testng.Assert.fail(Assert.java:96)
at com.qst.ohrm.utils.Log.fail(Log.java:101)
at com.qst.ohrm.page.OrangeHRMLoginPage.loginToOrangeHRM(OrangeHRMLoginPage.java:52)
at com.qst.ohrm.test.OrangeHRMLoginTest.validateLoginFailTest(OrangeHRMLoginTest.java:61)
at sun.reflect.NativeMethodAccessorImpl.invoke0(Native Method)
at sun.reflect.NativeMethodAccessorImpl.invoke(Unknown Source)
at sun.reflect.DelegatingMethodAccessorImpl.invoke(Unknown Source)
at java.lang.reflect.Method.invoke(Unknown Source)
at org.testng.internal.MethodInvocationHelper.invokeMethod(MethodInvocationHelper.java:124)
at org.testng.internal.Invoker.invokeMethod(Invoker.java:580)
at org.testng.internal.Invoker.invokeTestMethod(Invoker.java:716)
at org.testng.internal.Invoker.invokeTestMethods(Invoker.java:988)
at org.testng.internal.TestMethodWorker.invokeTestMethods(TestMethodWorker.java:125)
at org.testng.internal.TestMethodWorker.run(TestMethodWorker.java:109)
at org.testng.TestRunner.privateRun(TestRunner.java:648)
at org.testng.TestRunner.run(TestRunner.java:505)
at org.testng.SuiteRunner.runTest(SuiteRunner.java:455)
at org.testng.SuiteRunner.runSequentially(SuiteRunner.java:450)
at org.testng.SuiteRunner.privateRun(SuiteRunner.java:415)
at org.testng.SuiteRunner.run(SuiteRunner.java:364)
at org.testng.SuiteRunnerWorker.runSuite(SuiteRunnerWorker.java:52)
at org.testng.SuiteRunnerWorker.run(SuiteRunnerWorker.java:84)
at org.testng.TestNG.runSuitesSequentially(TestNG.java:1208)
at org.testng.TestNG.runSuitesLocally(TestNG.java:1137)
at org.testng.TestNG.runSuites(TestNG.java:1049)
at org.testng.TestNG.run(TestNG.java:1017)
at org.testng.TestNG.privateMain(TestNG.java:1354)
at org.testng.TestNG.main(TestNG.java:1323)
]]>
            </full-stacktrace>
          </exception> <!-- java.lang.AssertionError -->
          <reporter-output>
          </reporter-output>
        </test-method> <!-- validateLoginFailTest -->
        <test-method status="PASS" signature="tearDown(org.testng.ITestResult)[pri:0, instance:com.qst.ohrm.test.OrangeHRMLoginTest@e45eb6]" name="tearDown" is-config="true" duration-ms="622" started-at="2018-06-19T10:26:02Z" finished-at="2018-06-19T10:26:03Z">
          <params>
            <param index="0">
              <value>
                <![CDATA[[TestResult name=validateLoginFailTest status=FAILURE method=OrangeHRMLoginTest.validateLoginFailTest()[pri:0, instance:com.qst.ohrm.test.OrangeHRMLoginTest@e45eb6] output={null}]]]>
              </value>
            </param>
          </params>
          <reporter-output>
          </reporter-output>
        </test-method> <!-- tearDown -->
        <test-method status="PASS" signature="validateLoginTest()[pri:0, instance:com.qst.ohrm.test.OrangeHRMLoginTest@e45eb6]" name="validateLoginTest" duration-ms="4142" started-at="2018-06-19T10:26:03Z" finished-at="2018-06-19T10:26:07Z">
          <reporter-output>
          </reporter-output>
        </test-method> <!-- validateLoginTest -->
        <test-method status="PASS" signature="tearDown(org.testng.ITestResult)[pri:0, instance:com.qst.ohrm.test.OrangeHRMLoginTest@e45eb6]" name="tearDown" is-config="true" duration-ms="60" started-at="2018-06-19T10:26:07Z" finished-at="2018-06-19T10:26:07Z">
          <params>
            <param index="0">
              <value>
                <![CDATA[[TestResult name=validateLoginTest status=SUCCESS method=OrangeHRMLoginTest.validateLoginTest()[pri:0, instance:com.qst.ohrm.test.OrangeHRMLoginTest@e45eb6] output={null}]]]>
              </value>
            </param>
          </params>
          <reporter-output>
          </reporter-output>
        </test-method> <!-- tearDown -->
        <test-method status="PASS" signature="tearDown()[pri:0, instance:com.qst.ohrm.test.OrangeHRMLoginTest@e45eb6]" name="tearDown" is-config="true" duration-ms="3235" started-at="2018-06-19T10:26:07Z" finished-at="2018-06-19T10:26:10Z">
          <reporter-output>
          </reporter-output>
        </test-method> <!-- tearDown -->
      </class> <!-- com.qst.ohrm.test.OrangeHRMLoginTest -->
    </test> <!-- Default test -->
    <test name="Leave Test" duration-ms="47013" started-at="2018-06-19T10:26:10Z" finished-at="2018-06-19T10:26:57Z">
      <class name="com.qst.ohrm.test.ApplyLeaveTest">
        <test-method status="PASS" signature="preConfig()[pri:0, instance:com.qst.ohrm.test.ApplyLeaveTest@6ba0ac]" name="preConfig" is-config="true" duration-ms="659" started-at="2018-06-19T10:25:13Z" finished-at="2018-06-19T10:25:14Z">
          <reporter-output>
          </reporter-output>
        </test-method> <!-- preConfig -->
        <test-method status="PASS" signature="setup()[pri:0, instance:com.qst.ohrm.test.ApplyLeaveTest@6ba0ac]" name="setup" is-config="true" duration-ms="7078" started-at="2018-06-19T10:26:10Z" finished-at="2018-06-19T10:26:18Z">
          <reporter-output>
          </reporter-output>
        </test-method> <!-- setup -->
        <test-method status="FAIL" signature="validateLeaveListTest()[pri:0, instance:com.qst.ohrm.test.ApplyLeaveTest@6ba0ac]" name="validateLeaveListTest" duration-ms="39744" started-at="2018-06-19T10:26:18Z" finished-at="2018-06-19T10:26:57Z">
          <exception class="org.openqa.selenium.NoSuchElementException">
            <message>
              <![CDATA[Unable to locate element: //h1[text()='Leave List1']
For documentation on this error, please visit: http://seleniumhq.org/exceptions/no_such_element.html
Build info: version: '3.10.0', revision: '176b4a9', time: '2018-03-02T19:10:56.039Z'
System info: host: 'AHB-LAP', ip: '192.168.56.1', os.name: 'Windows 7', os.arch: 'x86', os.version: '6.1', java.version: '1.8.0_171'
Driver info: org.openqa.selenium.firefox.FirefoxDriver
Capabilities {acceptInsecureCerts: true, browserName: firefox, browserVersion: 55.0.2, javascriptEnabled: true, moz:accessibilityChecks: false, moz:processID: 102044, moz:profile: C:\Users\ahb\AppData\Local\..., pageLoadStrategy: normal, platform: XP, platformName: XP, platformVersion: 6.1, rotatable: false, specificationLevel: 0, timeouts: {implicit: 0, pageLoad: 300000, script: 30000}}
Session ID: 6d65f0b4-1047-482b-bd06-f8fe3ffe0696
*** Element info: {Using=xpath, value=//h1[text()='Leave List1']}]]>
            </message>
            <full-stacktrace>
              <![CDATA[org.openqa.selenium.NoSuchElementException: Unable to locate element: //h1[text()='Leave List1']
For documentation on this error, please visit: http://seleniumhq.org/exceptions/no_such_element.html
Build info: version: '3.10.0', revision: '176b4a9', time: '2018-03-02T19:10:56.039Z'
System info: host: 'AHB-LAP', ip: '192.168.56.1', os.name: 'Windows 7', os.arch: 'x86', os.version: '6.1', java.version: '1.8.0_171'
Driver info: org.openqa.selenium.firefox.FirefoxDriver
Capabilities {acceptInsecureCerts: true, browserName: firefox, browserVersion: 55.0.2, javascriptEnabled: true, moz:accessibilityChecks: false, moz:processID: 102044, moz:profile: C:\Users\ahb\AppData\Local\..., pageLoadStrategy: normal, platform: XP, platformName: XP, platformVersion: 6.1, rotatable: false, specificationLevel: 0, timeouts: {implicit: 0, pageLoad: 300000, script: 30000}}
Session ID: 6d65f0b4-1047-482b-bd06-f8fe3ffe0696
*** Element info: {Using=xpath, value=//h1[text()='Leave List1']}
at sun.reflect.NativeConstructorAccessorImpl.newInstance0(Native Method)
at sun.reflect.NativeConstructorAccessorImpl.newInstance(Unknown Source)
at sun.reflect.DelegatingConstructorAccessorImpl.newInstance(Unknown Source)
at java.lang.reflect.Constructor.newInstance(Unknown Source)
at org.openqa.selenium.remote.http.W3CHttpResponseCodec.createException(W3CHttpResponseCodec.java:187)
at org.openqa.selenium.remote.http.W3CHttpResponseCodec.decode(W3CHttpResponseCodec.java:122)
at org.openqa.selenium.remote.http.W3CHttpResponseCodec.decode(W3CHttpResponseCodec.java:49)
at org.openqa.selenium.remote.HttpCommandExecutor.execute(HttpCommandExecutor.java:160)
at org.openqa.selenium.remote.service.DriverCommandExecutor.execute(DriverCommandExecutor.java:83)
at org.openqa.selenium.remote.RemoteWebDriver.execute(RemoteWebDriver.java:601)
at org.openqa.selenium.remote.RemoteWebDriver.findElement(RemoteWebDriver.java:371)
at org.openqa.selenium.remote.RemoteWebDriver.findElementByXPath(RemoteWebDriver.java:473)
at org.openqa.selenium.By$ByXPath.findElement(By.java:361)
at org.openqa.selenium.remote.RemoteWebDriver.findElement(RemoteWebDriver.java:363)
at com.qst.ohrm.page.OrangeHRMLeavePage.pagetitle(OrangeHRMLeavePage.java:63)
at com.qst.ohrm.page.OrangeHRMLeavePage.clickOnleaveList(OrangeHRMLeavePage.java:90)
at com.qst.ohrm.test.ApplyLeaveTest.validateLeaveListTest(ApplyLeaveTest.java:65)
at sun.reflect.NativeMethodAccessorImpl.invoke0(Native Method)
at sun.reflect.NativeMethodAccessorImpl.invoke(Unknown Source)
at sun.reflect.DelegatingMethodAccessorImpl.invoke(Unknown Source)
at java.lang.reflect.Method.invoke(Unknown Source)
at org.testng.internal.MethodInvocationHelper.invokeMethod(MethodInvocationHelper.java:124)
at org.testng.internal.Invoker.invokeMethod(Invoker.java:580)
at org.testng.internal.Invoker.invokeTestMethod(Invoker.java:716)
at org.testng.internal.Invoker.invokeTestMethods(Invoker.java:988)
at org.testng.internal.TestMethodWorker.invokeTestMethods(TestMethodWorker.java:125)
at org.testng.internal.TestMethodWorker.run(TestMethodWorker.java:109)
at org.testng.TestRunner.privateRun(TestRunner.java:648)
at org.testng.TestRunner.run(TestRunner.java:505)
at org.testng.SuiteRunner.runTest(SuiteRunner.java:455)
at org.testng.SuiteRunner.runSequentially(SuiteRunner.java:450)
at org.testng.SuiteRunner.privateRun(SuiteRunner.java:415)
at org.testng.SuiteRunner.run(SuiteRunner.java:364)
at org.testng.SuiteRunnerWorker.runSuite(SuiteRunnerWorker.java:52)
at org.testng.SuiteRunnerWorker.run(SuiteRunnerWorker.java:84)
at org.testng.TestNG.runSuitesSequentially(TestNG.java:1208)
at org.testng.TestNG.runSuitesLocally(TestNG.java:1137)
at org.testng.TestNG.runSuites(TestNG.java:1049)
at org.testng.TestNG.run(TestNG.java:1017)
at org.testng.TestNG.privateMain(TestNG.java:1354)
at org.testng.TestNG.main(TestNG.java:1323)
]]>
            </full-stacktrace>
          </exception> <!-- org.openqa.selenium.NoSuchElementException -->
          <reporter-output>
          </reporter-output>
        </test-method> <!-- validateLeaveListTest -->
        <test-method status="PASS" signature="tearDown(org.testng.ITestResult)[pri:0, instance:com.qst.ohrm.test.ApplyLeaveTest@6ba0ac]" name="tearDown" is-config="true" duration-ms="190" started-at="2018-06-19T10:26:57Z" finished-at="2018-06-19T10:26:57Z">
          <params>
            <param index="0">
              <value>
                <![CDATA[[TestResult name=validateLeaveListTest status=FAILURE method=ApplyLeaveTest.validateLeaveListTest()[pri:0, instance:com.qst.ohrm.test.ApplyLeaveTest@6ba0ac] output={null}]]]>
              </value>
            </param>
          </params>
          <reporter-output>
          </reporter-output>
        </test-method> <!-- tearDown -->
        <test-method status="PASS" signature="tearDown()[pri:0, instance:com.qst.ohrm.test.ApplyLeaveTest@6ba0ac]" name="tearDown" is-config="true" duration-ms="2420" started-at="2018-06-19T10:26:57Z" finished-at="2018-06-19T10:27:00Z">
          <reporter-output>
          </reporter-output>
        </test-method> <!-- tearDown -->
      </class> <!-- com.qst.ohrm.test.ApplyLeaveTest -->
    </test> <!-- Leave Test -->
  </suite> <!-- Default suite -->
</testng-results>
